[2022-07-03 21:09:04][2827] Processing: App\Jobs\ConvertVideoQueue
[2022-07-03 21:09:04][2827] Failed:     App\Jobs\ConvertVideoQueue
[2022-07-03 21:15:42][2830] Processing: App\Jobs\ConvertVideoQueue
Job sent by PEAK PROJECT SDN BHD [ id-2352]
VIDEO ID (2352) :: Exporting to encrypted HLS for 360p at  20%  
VIDEO ID (2352) :: Exporting to encrypted HLS for 360p at  20.2%  
VIDEO ID (2352) :: Exporting to encrypted HLS for 360p at  20.4%  
VIDEO ID (2352) :: Exporting to encrypted HLS for 360p at  20.6%  
VIDEO ID (2352) :: Exporting to encrypted HLS for 360p at  20.8%  
VIDEO ID (2352) :: Exporting to encrypted HLS for 360p at  21%  
VIDEO ID (2352) :: Exporting to encrypted HLS for 360p at  21.2%  
VIDEO ID (2352) :: Exporting to encrypted HLS for 360p at  21.4%  
VIDEO ID (2352) :: Exporting to encrypted HLS for 360p at  21.6%  
VIDEO ID (2352) :: Exporting to encrypted HLS for 360p at  21.8%  
VIDEO ID (2352) :: Exporting to encrypted HLS for 360p at  22%  
VIDEO ID (2352) :: Exporting to encrypted HLS for 360p at  22.2%  
VIDEO ID (2352) :: Exporting to encrypted HLS for 360p at  22.4%  
VIDEO ID (2352) :: Exporting to encrypted HLS for 360p at  22.6%  
VIDEO ID (2352) :: Exporting to encrypted HLS for 360p at  22.8%  
VIDEO ID (2352) :: Exporting to encrypted HLS for 360p at  23%  
VIDEO ID (2352) :: Exporting to encrypted HLS for 360p at  23.2%  
VIDEO ID (2352) :: Exporting to encrypted HLS for 360p at  23.4%  
VIDEO ID (2352) :: Exporting to encrypted HLS for 360p at  23.6%  
VIDEO ID (2352) :: Exporting to encrypted HLS for 360p at  23.8%  
VIDEO ID (2352) :: Exporting to encrypted HLS for 360p at  24%  
VIDEO ID (2352) :: Exporting to encrypted HLS for 360p at  24.2%  
VIDEO ID (2352) :: Exporting to encrypted HLS for 360p at  24.4%  
VIDEO ID (2352) :: Exporting to encrypted HLS for 360p at  24.6%  
VIDEO ID (2352) :: Exporting to encrypted HLS for 360p at  24.8%  
VIDEO ID (2352) :: Exporting to encrypted HLS for 360p at  25%  
VIDEO ID (2352) :: Exporting to encrypted HLS for 360p at  25.2%  
VIDEO ID (2352) :: Exporting to encrypted HLS for 360p at  25.4%  
VIDEO ID (2352) :: Exporting to encrypted HLS for 360p at  25.6%  
[2022-07-03 21:17:23][2830] Processing: App\Jobs\ConvertVideoQueue
[2022-07-03 21:17:23][2830] Failed:     App\Jobs\ConvertVideoQueue
VIDEO ID (2352) :: Exporting to encrypted HLS for 360p at  25.8%  
VIDEO ID (2352) :: Exporting to encrypted HLS for 360p at  26%  
VIDEO ID (2352) :: Exporting to encrypted HLS for 360p at  26.2%  
VIDEO ID (2352) :: Exporting to encrypted HLS for 360p at  26.4%  
VIDEO ID (2352) :: Exporting to encrypted HLS for 360p at  26.6%  
VIDEO ID (2352) :: Exporting to encrypted HLS for 360p at  26.8%  
VIDEO ID (2352) :: Exporting to encrypted HLS for 360p at  27%  
VIDEO ID (2352) :: Exporting to encrypted HLS for 360p at  27.2%  
VIDEO ID (2352) :: Exporting to encrypted HLS for 360p at  27.4%  
VIDEO ID (2352) :: Exporting to encrypted HLS for 360p at  27.6%  
VIDEO ID (2352) :: Exporting to encrypted HLS for 360p at  27.8%  
VIDEO ID (2352) :: Exporting to encrypted HLS for 360p at  28%  
VIDEO ID (2352) :: Exporting to encrypted HLS for 360p at  28.2%  
VIDEO ID (2352) :: Exporting to encrypted HLS for 360p at  28.4%  
[2022-07-03 21:18:24][2830] Failed:     App\Jobs\ConvertVideoQueue
[2022-07-03 21:42:09][2835] Processing: App\Jobs\ConvertVideoQueue
Job sent by PENTAS WAYANG PRODUCTION SDN BHD [ id-2386]
VIDEO ID (2386) :: Exporting to encrypted HLS for 360p at  20%  
VIDEO ID (2386) :: Exporting to encrypted HLS for 360p at  20.2%  
VIDEO ID (2386) :: Exporting to encrypted HLS for 360p at  20.4%  
VIDEO ID (2386) :: Exporting to encrypted HLS for 360p at  20.6%  
VIDEO ID (2386) :: Exporting to encrypted HLS for 360p at  20.8%  
VIDEO ID (2386) :: Exporting to encrypted HLS for 360p at  21%  
VIDEO ID (2386) :: Exporting to encrypted HLS for 360p at  21.2%  
VIDEO ID (2386) :: Exporting to encrypted HLS for 360p at  21.4%  
VIDEO ID (2386) :: Exporting to encrypted HLS for 360p at  21.6%  
VIDEO ID (2386) :: Exporting to encrypted HLS for 360p at  21.8%  
VIDEO ID (2386) :: Exporting to encrypted HLS for 360p at  22%  
VIDEO ID (2386) :: Exporting to encrypted HLS for 360p at  22.2%  
VIDEO ID (2386) :: Exporting to encrypted HLS for 360p at  22.4%  
VIDEO ID (2386) :: Exporting to encrypted HLS for 360p at  22.6%  
VIDEO ID (2386) :: Exporting to encrypted HLS for 360p at  22.8%  
VIDEO ID (2386) :: Exporting to encrypted HLS for 360p at  23%  
VIDEO ID (2386) :: Exporting to encrypted HLS for 360p at  23.2%  
VIDEO ID (2386) :: Exporting to encrypted HLS for 360p at  23.4%  
VIDEO ID (2386) :: Exporting to encrypted HLS for 360p at  23.6%  
VIDEO ID (2386) :: Exporting to encrypted HLS for 360p at  23.8%  
VIDEO ID (2386) :: Exporting to encrypted HLS for 360p at  24%  
VIDEO ID (2386) :: Exporting to encrypted HLS for 360p at  24.2%  
VIDEO ID (2386) :: Exporting to encrypted HLS for 360p at  24.4%  
VIDEO ID (2386) :: Exporting to encrypted HLS for 360p at  24.6%  
VIDEO ID (2386) :: Exporting to encrypted HLS for 360p at  24.8%  
[2022-07-03 21:43:50][2835] Processing: App\Jobs\ConvertVideoQueue
[2022-07-03 21:43:50][2835] Failed:     App\Jobs\ConvertVideoQueue
VIDEO ID (2386) :: Exporting to encrypted HLS for 360p at  25%  
VIDEO ID (2386) :: Exporting to encrypted HLS for 360p at  25.2%  
VIDEO ID (2386) :: Exporting to encrypted HLS for 360p at  25.4%  
VIDEO ID (2386) :: Exporting to encrypted HLS for 360p at  25.6%  
VIDEO ID (2386) :: Exporting to encrypted HLS for 360p at  25.8%  
VIDEO ID (2386) :: Exporting to encrypted HLS for 360p at  26%  
VIDEO ID (2386) :: Exporting to encrypted HLS for 360p at  26.2%  
VIDEO ID (2386) :: Exporting to encrypted HLS for 360p at  26.4%  
VIDEO ID (2386) :: Exporting to encrypted HLS for 360p at  26.6%  
VIDEO ID (2386) :: Exporting to encrypted HLS for 360p at  26.8%  
VIDEO ID (2386) :: Exporting to encrypted HLS for 360p at  27%  
VIDEO ID (2386) :: Exporting to encrypted HLS for 360p at  27.2%  
VIDEO ID (2386) :: Exporting to encrypted HLS for 360p at  27.4%  
VIDEO ID (2386) :: Exporting to encrypted HLS for 360p at  27.6%  
VIDEO ID (2386) :: Exporting to encrypted HLS for 360p at  27.8%  
VIDEO ID (2386) :: Exporting to encrypted HLS for 360p at  28%  
VIDEO ID (2386) :: Exporting to encrypted HLS for 360p at  28.2%  
VIDEO ID (2386) :: Exporting to encrypted HLS for 360p at  28.4%  
VIDEO ID (2386) :: Exporting to encrypted HLS for 360p at  28.6%  
VIDEO ID (2386) :: Exporting to encrypted HLS for 360p at  28.8%  
VIDEO ID (2386) :: Exporting to encrypted HLS for 360p at  29%  
VIDEO ID (2386) :: Exporting to encrypted HLS for 360p at  29.2%  
VIDEO ID (2386) :: Exporting to encrypted HLS for 360p at  29.4%  
VIDEO ID (2386) :: Exporting to encrypted HLS for 360p at  29.6%  
VIDEO ID (2386) :: Exporting to encrypted HLS for 360p at  29.8%  
VIDEO ID (2386) :: Exporting to encrypted HLS for 360p at  30%  
VIDEO ID (2386) :: Exporting to encrypted HLS for 360p at  30.2%  
VIDEO ID (2386) :: Exporting to encrypted HLS for 360p at  30.4%  
VIDEO ID (2386) :: Exporting to encrypted HLS for 360p at  30.6%  
VIDEO ID (2386) :: Exporting to encrypted HLS for 360p at  30.8%  
VIDEO ID (2386) :: Exporting to encrypted HLS for 360p at  31%  
VIDEO ID (2386) :: Exporting to encrypted HLS for 360p at  31.2%  
VIDEO ID (2386) :: Exporting to encrypted HLS for 360p at  31.4%  
VIDEO ID (2386) :: Exporting to encrypted HLS for 360p at  31.6%  
VIDEO ID (2386) :: Exporting to encrypted HLS for 360p at  31.8%  
VIDEO ID (2386) :: Exporting to encrypted HLS for 360p at  32%  
VIDEO ID (2386) :: Exporting to encrypted HLS for 360p at  32.2%  
VIDEO ID (2386) :: Exporting to encrypted HLS for 360p at  32.4%  
VIDEO ID (2386) :: Exporting to encrypted HLS for 360p at  32.6%  
VIDEO ID (2386) :: Exporting to encrypted HLS for 360p at  32.8%  
VIDEO ID (2386) :: Exporting to encrypted HLS for 360p at  33%  
VIDEO ID (2386) :: Exporting to encrypted HLS for 360p at  33.2%  
VIDEO ID (2386) :: Exporting to encrypted HLS for 360p at  33.4%  
VIDEO ID (2386) :: Exporting to encrypted HLS for 360p at  33.6%  
VIDEO ID (2386) :: Exporting to encrypted HLS for 360p at  33.8%  
[2022-07-03 21:47:19][2837] Processing: App\Jobs\ConvertVideoQueue
Job sent by YG Films Sdn Bhd [ id-2283]
VIDEO ID (2283) :: Exporting to encrypted HLS for 360p at  20%  
VIDEO ID (2386) :: Exporting to encrypted HLS for 360p at  34%  
VIDEO ID (2283) :: Exporting to encrypted HLS for 360p at  20.2%  
VIDEO ID (2386) :: Exporting to encrypted HLS for 360p at  34.2%  
VIDEO ID (2283) :: Exporting to encrypted HLS for 360p at  20.4%  
VIDEO ID (2386) :: Exporting to encrypted HLS for 360p at  34.4%  
VIDEO ID (2386) :: Exporting to encrypted HLS for 360p at  34.6%  
VIDEO ID (2283) :: Exporting to encrypted HLS for 360p at  20.6%  
VIDEO ID (2386) :: Exporting to encrypted HLS for 360p at  34.8%  
VIDEO ID (2283) :: Exporting to encrypted HLS for 360p at  20.8%  
VIDEO ID (2386) :: Exporting to encrypted HLS for 360p at  35%  
VIDEO ID (2283) :: Exporting to encrypted HLS for 360p at  21%  
VIDEO ID (2386) :: Exporting to encrypted HLS for 360p at  35.2%  
VIDEO ID (2283) :: Exporting to encrypted HLS for 360p at  21.2%  
VIDEO ID (2386) :: Exporting to encrypted HLS for 360p at  35.4%  
VIDEO ID (2386) :: Exporting to encrypted HLS for 360p at  35.6%  
VIDEO ID (2283) :: Exporting to encrypted HLS for 360p at  21.4%  
VIDEO ID (2386) :: Exporting to encrypted HLS for 360p at  35.8%  
VIDEO ID (2283) :: Exporting to encrypted HLS for 360p at  21.6%  
VIDEO ID (2386) :: Exporting to encrypted HLS for 360p at  36%  
VIDEO ID (2283) :: Exporting to encrypted HLS for 360p at  21.8%  
VIDEO ID (2386) :: Exporting to encrypted HLS for 360p at  36.2%  
VIDEO ID (2386) :: Exporting to encrypted HLS for 360p at  36.4%  
VIDEO ID (2283) :: Exporting to encrypted HLS for 360p at  22%  
VIDEO ID (2386) :: Exporting to encrypted HLS for 360p at  36.6%  
VIDEO ID (2283) :: Exporting to encrypted HLS for 360p at  22.2%  
VIDEO ID (2386) :: Exporting to encrypted HLS for 360p at  36.8%  
VIDEO ID (2283) :: Exporting to encrypted HLS for 360p at  22.4%  
VIDEO ID (2386) :: Exporting to encrypted HLS for 360p at  37%  
VIDEO ID (2386) :: Exporting to encrypted HLS for 360p at  37.2%  
VIDEO ID (2283) :: Exporting to encrypted HLS for 360p at  22.6%  
VIDEO ID (2386) :: Exporting to encrypted HLS for 360p at  37.4%  
VIDEO ID (2283) :: Exporting to encrypted HLS for 360p at  22.8%  
VIDEO ID (2386) :: Exporting to encrypted HLS for 360p at  37.6%  
VIDEO ID (2283) :: Exporting to encrypted HLS for 360p at  23%  
VIDEO ID (2386) :: Exporting to encrypted HLS for 360p at  37.8%  
VIDEO ID (2386) :: Exporting to encrypted HLS for 360p at  38%  
VIDEO ID (2283) :: Exporting to encrypted HLS for 360p at  23.2%  
VIDEO ID (2386) :: Exporting to encrypted HLS for 360p at  38.2%  
VIDEO ID (2283) :: Exporting to encrypted HLS for 360p at  23.4%  
VIDEO ID (2386) :: Exporting to encrypted HLS for 360p at  38.4%  
VIDEO ID (2283) :: Exporting to encrypted HLS for 360p at  23.6%  
VIDEO ID (2386) :: Exporting to encrypted HLS for 360p at  38.6%  
VIDEO ID (2386) :: Exporting to encrypted HLS for 360p at  38.8%  
VIDEO ID (2283) :: Exporting to encrypted HLS for 360p at  23.8%  
VIDEO ID (2386) :: Exporting to encrypted HLS for 360p at  39%  
VIDEO ID (2283) :: Exporting to encrypted HLS for 360p at  24%  
VIDEO ID (2386) :: Exporting to encrypted HLS for 360p at  39.2%  
VIDEO ID (2283) :: Exporting to encrypted HLS for 360p at  24.2%  
VIDEO ID (2386) :: Exporting to encrypted HLS for 360p at  39.4%  
VIDEO ID (2386) :: Exporting to encrypted HLS for 360p at  39.6%  
VIDEO ID (2283) :: Exporting to encrypted HLS for 360p at  24.4%  
VIDEO ID (2386) :: Exporting to encrypted HLS for 360p at  39.8%  
VIDEO ID (2283) :: Exporting to encrypted HLS for 360p at  24.6%  
VIDEO ID (2386) :: Exporting to encrypted HLS for 360p at  40%  
[2022-07-03 21:50:28][2835] Failed:     App\Jobs\ConvertVideoQueue
[2022-07-03 21:50:28][2837] Processing: App\Jobs\ConvertVideoQueue
[2022-07-03 21:50:28][2837] Failed:     App\Jobs\ConvertVideoQueue
VIDEO ID (2283) :: Exporting to encrypted HLS for 360p at  24.8%  
VIDEO ID (2283) :: Exporting to encrypted HLS for 360p at  25%  
VIDEO ID (2283) :: Exporting to encrypted HLS for 360p at  25.2%  
VIDEO ID (2283) :: Exporting to encrypted HLS for 360p at  25.4%  
VIDEO ID (2283) :: Exporting to encrypted HLS for 360p at  25.6%  
VIDEO ID (2283) :: Exporting to encrypted HLS for 360p at  25.8%  
VIDEO ID (2283) :: Exporting to encrypted HLS for 360p at  26%  
VIDEO ID (2283) :: Exporting to encrypted HLS for 360p at  26.2%  
VIDEO ID (2283) :: Exporting to encrypted HLS for 360p at  26.4%  
VIDEO ID (2283) :: Exporting to encrypted HLS for 360p at  26.6%  
VIDEO ID (2283) :: Exporting to encrypted HLS for 360p at  26.8%  
VIDEO ID (2283) :: Exporting to encrypted HLS for 360p at  27%  
VIDEO ID (2283) :: Exporting to encrypted HLS for 360p at  27.2%  
VIDEO ID (2283) :: Exporting to encrypted HLS for 360p at  27.4%  
VIDEO ID (2283) :: Exporting to encrypted HLS for 360p at  27.6%  
VIDEO ID (2283) :: Exporting to encrypted HLS for 360p at  27.8%  
VIDEO ID (2283) :: Exporting to encrypted HLS for 360p at  28%  
VIDEO ID (2283) :: Exporting to encrypted HLS for 360p at  28.2%  
VIDEO ID (2283) :: Exporting to encrypted HLS for 360p at  28.4%  
VIDEO ID (2283) :: Exporting to encrypted HLS for 360p at  28.6%  
VIDEO ID (2283) :: Exporting to encrypted HLS for 360p at  28.8%  
VIDEO ID (2283) :: Exporting to encrypted HLS for 360p at  29%  
VIDEO ID (2283) :: Exporting to encrypted HLS for 360p at  29.2%  
VIDEO ID (2283) :: Exporting to encrypted HLS for 360p at  29.4%  
VIDEO ID (2283) :: Exporting to encrypted HLS for 360p at  29.6%  
VIDEO ID (2283) :: Exporting to encrypted HLS for 360p at  29.8%  
VIDEO ID (2283) :: Exporting to encrypted HLS for 360p at  30%  
VIDEO ID (2283) :: Exporting to encrypted HLS for 360p at  30.2%  
VIDEO ID (2283) :: Exporting to encrypted HLS for 360p at  30.4%  
VIDEO ID (2283) :: Exporting to encrypted HLS for 360p at  30.6%  
VIDEO ID (2283) :: Exporting to encrypted HLS for 360p at  30.8%  
VIDEO ID (2283) :: Exporting to encrypted HLS for 360p at  31%  
VIDEO ID (2283) :: Exporting to encrypted HLS for 360p at  31.2%  
VIDEO ID (2283) :: Exporting to encrypted HLS for 360p at  31.4%  
VIDEO ID (2283) :: Exporting to encrypted HLS for 360p at  31.6%  
VIDEO ID (2283) :: Exporting to encrypted HLS for 360p at  31.8%  
VIDEO ID (2283) :: Exporting to encrypted HLS for 360p at  32%  
VIDEO ID (2283) :: Exporting to encrypted HLS for 360p at  32.2%  
VIDEO ID (2283) :: Exporting to encrypted HLS for 360p at  32.4%  
VIDEO ID (2283) :: Exporting to encrypted HLS for 360p at  32.6%  
VIDEO ID (2283) :: Exporting to encrypted HLS for 360p at  32.8%  
VIDEO ID (2283) :: Exporting to encrypted HLS for 360p at  33%  
VIDEO ID (2283) :: Exporting to encrypted HLS for 360p at  33.2%  
VIDEO ID (2283) :: Exporting to encrypted HLS for 360p at  33.4%  
VIDEO ID (2283) :: Exporting to encrypted HLS for 360p at  33.6%  
VIDEO ID (2283) :: Exporting to encrypted HLS for 360p at  33.8%  
VIDEO ID (2283) :: Exporting to encrypted HLS for 360p at  34%  
VIDEO ID (2283) :: Exporting to encrypted HLS for 360p at  34.2%  
VIDEO ID (2283) :: Exporting to encrypted HLS for 360p at  34.4%  
VIDEO ID (2283) :: Exporting to encrypted HLS for 360p at  34.6%  
VIDEO ID (2283) :: Exporting to encrypted HLS for 360p at  34.8%  
VIDEO ID (2283) :: Exporting to encrypted HLS for 360p at  35%  
VIDEO ID (2283) :: Exporting to encrypted HLS for 360p at  35.2%  
VIDEO ID (2283) :: Exporting to encrypted HLS for 360p at  35.4%  
VIDEO ID (2283) :: Exporting to encrypted HLS for 360p at  35.6%  
VIDEO ID (2283) :: Exporting to encrypted HLS for 360p at  35.8%  
VIDEO ID (2283) :: Exporting to encrypted HLS for 360p at  36%  
VIDEO ID (2283) :: Exporting to encrypted HLS for 360p at  36.2%  
VIDEO ID (2283) :: Exporting to encrypted HLS for 360p at  36.4%  
VIDEO ID (2283) :: Exporting to encrypted HLS for 360p at  36.6%  
VIDEO ID (2283) :: Exporting to encrypted HLS for 360p at  36.8%  
VIDEO ID (2283) :: Exporting to encrypted HLS for 360p at  37%  
VIDEO ID (2283) :: Exporting to encrypted HLS for 360p at  37.2%  
VIDEO ID (2283) :: Exporting to encrypted HLS for 360p at  37.4%  
VIDEO ID (2283) :: Exporting to encrypted HLS for 360p at  37.6%  
VIDEO ID (2283) :: Exporting to encrypted HLS for 360p at  37.8%  
VIDEO ID (2283) :: Exporting to encrypted HLS for 360p at  38%  
VIDEO ID (2283) :: Exporting to encrypted HLS for 360p at  38.2%  
VIDEO ID (2283) :: Exporting to encrypted HLS for 360p at  38.4%  
VIDEO ID (2283) :: Exporting to encrypted HLS for 360p at  38.6%  
VIDEO ID (2283) :: Exporting to encrypted HLS for 360p at  38.8%  
VIDEO ID (2283) :: Exporting to encrypted HLS for 360p at  39%  
VIDEO ID (2283) :: Exporting to encrypted HLS for 360p at  39.2%  
VIDEO ID (2283) :: Exporting to encrypted HLS for 360p at  39.4%  
VIDEO ID (2283) :: Exporting to encrypted HLS for 360p at  39.6%  
VIDEO ID (2283) :: Exporting to encrypted HLS for 360p at  39.8%  
VIDEO ID (2283) :: Exporting to encrypted HLS for 360p at  40%  
[2022-07-03 21:57:46][2837] Processed:  App\Jobs\ConvertVideoQueue
[2022-07-03 22:00:04][2839] Processing: App\Jobs\ConvertVideoQueue
Job sent by YG Films Sdn Bhd [ id-2283]
VIDEO ID (2283) :: Exporting to encrypted HLS for 360p at  20%  
VIDEO ID (2283) :: Exporting to encrypted HLS for 360p at  20.2%  
VIDEO ID (2283) :: Exporting to encrypted HLS for 360p at  20.4%  
VIDEO ID (2283) :: Exporting to encrypted HLS for 360p at  20.6%  
VIDEO ID (2283) :: Exporting to encrypted HLS for 360p at  20.8%  
VIDEO ID (2283) :: Exporting to encrypted HLS for 360p at  21%  
VIDEO ID (2283) :: Exporting to encrypted HLS for 360p at  21.2%  
VIDEO ID (2283) :: Exporting to encrypted HLS for 360p at  21.4%  
VIDEO ID (2283) :: Exporting to encrypted HLS for 360p at  21.6%  
VIDEO ID (2283) :: Exporting to encrypted HLS for 360p at  21.8%  
VIDEO ID (2283) :: Exporting to encrypted HLS for 360p at  22%  
VIDEO ID (2283) :: Exporting to encrypted HLS for 360p at  22.2%  
VIDEO ID (2283) :: Exporting to encrypted HLS for 360p at  22.4%  
VIDEO ID (2283) :: Exporting to encrypted HLS for 360p at  22.6%  
VIDEO ID (2283) :: Exporting to encrypted HLS for 360p at  22.8%  
VIDEO ID (2283) :: Exporting to encrypted HLS for 360p at  23%  
VIDEO ID (2283) :: Exporting to encrypted HLS for 360p at  23.2%  
VIDEO ID (2283) :: Exporting to encrypted HLS for 360p at  23.4%  
VIDEO ID (2283) :: Exporting to encrypted HLS for 360p at  23.6%  
[2022-07-03 22:01:44][2839] Processing: App\Jobs\ConvertVideoQueue
[2022-07-03 22:01:44][2839] Failed:     App\Jobs\ConvertVideoQueue
VIDEO ID (2283) :: Exporting to encrypted HLS for 360p at  23.8%  
VIDEO ID (2283) :: Exporting to encrypted HLS for 360p at  24%  
VIDEO ID (2283) :: Exporting to encrypted HLS for 360p at  24.2%  
VIDEO ID (2283) :: Exporting to encrypted HLS for 360p at  24.4%  
VIDEO ID (2283) :: Exporting to encrypted HLS for 360p at  24.6%  
VIDEO ID (2283) :: Exporting to encrypted HLS for 360p at  24.8%  
VIDEO ID (2283) :: Exporting to encrypted HLS for 360p at  25%  
VIDEO ID (2283) :: Exporting to encrypted HLS for 360p at  25.2%  
VIDEO ID (2283) :: Exporting to encrypted HLS for 360p at  25.4%  
VIDEO ID (2283) :: Exporting to encrypted HLS for 360p at  25.6%  
VIDEO ID (2283) :: Exporting to encrypted HLS for 360p at  25.8%  
VIDEO ID (2283) :: Exporting to encrypted HLS for 360p at  26%  
VIDEO ID (2283) :: Exporting to encrypted HLS for 360p at  26.2%  
VIDEO ID (2283) :: Exporting to encrypted HLS for 360p at  26.4%  
VIDEO ID (2283) :: Exporting to encrypted HLS for 360p at  26.6%  
VIDEO ID (2283) :: Exporting to encrypted HLS for 360p at  26.8%  
VIDEO ID (2283) :: Exporting to encrypted HLS for 360p at  27%  
VIDEO ID (2283) :: Exporting to encrypted HLS for 360p at  27.2%  
VIDEO ID (2283) :: Exporting to encrypted HLS for 360p at  27.4%  
VIDEO ID (2283) :: Exporting to encrypted HLS for 360p at  27.6%  
VIDEO ID (2283) :: Exporting to encrypted HLS for 360p at  27.8%  
VIDEO ID (2283) :: Exporting to encrypted HLS for 360p at  28%  
VIDEO ID (2283) :: Exporting to encrypted HLS for 360p at  28.2%  
VIDEO ID (2283) :: Exporting to encrypted HLS for 360p at  28.4%  
VIDEO ID (2283) :: Exporting to encrypted HLS for 360p at  28.6%  
VIDEO ID (2283) :: Exporting to encrypted HLS for 360p at  28.8%  
VIDEO ID (2283) :: Exporting to encrypted HLS for 360p at  29%  
VIDEO ID (2283) :: Exporting to encrypted HLS for 360p at  29.2%  
VIDEO ID (2283) :: Exporting to encrypted HLS for 360p at  29.4%  
VIDEO ID (2283) :: Exporting to encrypted HLS for 360p at  29.6%  
VIDEO ID (2283) :: Exporting to encrypted HLS for 360p at  29.8%  
VIDEO ID (2283) :: Exporting to encrypted HLS for 360p at  30%  
VIDEO ID (2283) :: Exporting to encrypted HLS for 360p at  30.2%  
VIDEO ID (2283) :: Exporting to encrypted HLS for 360p at  30.4%  
VIDEO ID (2283) :: Exporting to encrypted HLS for 360p at  30.6%  
VIDEO ID (2283) :: Exporting to encrypted HLS for 360p at  30.8%  
VIDEO ID (2283) :: Exporting to encrypted HLS for 360p at  31%  
VIDEO ID (2283) :: Exporting to encrypted HLS for 360p at  31.2%  
VIDEO ID (2283) :: Exporting to encrypted HLS for 360p at  31.4%  
VIDEO ID (2283) :: Exporting to encrypted HLS for 360p at  31.6%  
VIDEO ID (2283) :: Exporting to encrypted HLS for 360p at  31.8%  
VIDEO ID (2283) :: Exporting to encrypted HLS for 360p at  32%  
VIDEO ID (2283) :: Exporting to encrypted HLS for 360p at  32.2%  
VIDEO ID (2283) :: Exporting to encrypted HLS for 360p at  32.4%  
VIDEO ID (2283) :: Exporting to encrypted HLS for 360p at  32.6%  
VIDEO ID (2283) :: Exporting to encrypted HLS for 360p at  32.8%  
VIDEO ID (2283) :: Exporting to encrypted HLS for 360p at  33%  
VIDEO ID (2283) :: Exporting to encrypted HLS for 360p at  33.2%  
VIDEO ID (2283) :: Exporting to encrypted HLS for 360p at  33.4%  
VIDEO ID (2283) :: Exporting to encrypted HLS for 360p at  33.6%  
VIDEO ID (2283) :: Exporting to encrypted HLS for 360p at  33.8%  
VIDEO ID (2283) :: Exporting to encrypted HLS for 360p at  34%  
VIDEO ID (2283) :: Exporting to encrypted HLS for 360p at  34.2%  
VIDEO ID (2283) :: Exporting to encrypted HLS for 360p at  34.4%  
VIDEO ID (2283) :: Exporting to encrypted HLS for 360p at  34.6%  
VIDEO ID (2283) :: Exporting to encrypted HLS for 360p at  34.8%  
VIDEO ID (2283) :: Exporting to encrypted HLS for 360p at  35%  
VIDEO ID (2283) :: Exporting to encrypted HLS for 360p at  35.2%  
VIDEO ID (2283) :: Exporting to encrypted HLS for 360p at  35.4%  
VIDEO ID (2283) :: Exporting to encrypted HLS for 360p at  35.6%  
VIDEO ID (2283) :: Exporting to encrypted HLS for 360p at  35.8%  
VIDEO ID (2283) :: Exporting to encrypted HLS for 360p at  36%  
VIDEO ID (2283) :: Exporting to encrypted HLS for 360p at  36.2%  
VIDEO ID (2283) :: Exporting to encrypted HLS for 360p at  36.4%  
VIDEO ID (2283) :: Exporting to encrypted HLS for 360p at  36.6%  
VIDEO ID (2283) :: Exporting to encrypted HLS for 360p at  36.8%  
VIDEO ID (2283) :: Exporting to encrypted HLS for 360p at  37%  
VIDEO ID (2283) :: Exporting to encrypted HLS for 360p at  37.2%  
VIDEO ID (2283) :: Exporting to encrypted HLS for 360p at  37.4%  
[2022-07-03 22:09:05][2839] Failed:     App\Jobs\ConvertVideoQueue
[2022-07-03 23:00:04][2850] Processing: App\Jobs\ConvertVideoQueue
Job sent by Kuala Simfoni Sdn Bhd [ id-2396]
VIDEO ID (2396) :: Exporting to encrypted HLS for 360p at  20%  
VIDEO ID (2396) :: Exporting to encrypted HLS for 360p at  20.2%  
VIDEO ID (2396) :: Exporting to encrypted HLS for 360p at  20.4%  
VIDEO ID (2396) :: Exporting to encrypted HLS for 360p at  20.6%  
VIDEO ID (2396) :: Exporting to encrypted HLS for 360p at  20.8%  
VIDEO ID (2396) :: Exporting to encrypted HLS for 360p at  21%  
VIDEO ID (2396) :: Exporting to encrypted HLS for 360p at  21.2%  
VIDEO ID (2396) :: Exporting to encrypted HLS for 360p at  21.4%  
VIDEO ID (2396) :: Exporting to encrypted HLS for 360p at  21.6%  
VIDEO ID (2396) :: Exporting to encrypted HLS for 360p at  21.8%  
VIDEO ID (2396) :: Exporting to encrypted HLS for 360p at  22%  
VIDEO ID (2396) :: Exporting to encrypted HLS for 360p at  22.2%  
VIDEO ID (2396) :: Exporting to encrypted HLS for 360p at  22.4%  
VIDEO ID (2396) :: Exporting to encrypted HLS for 360p at  22.6%  
VIDEO ID (2396) :: Exporting to encrypted HLS for 360p at  22.8%  
VIDEO ID (2396) :: Exporting to encrypted HLS for 360p at  23%  
VIDEO ID (2396) :: Exporting to encrypted HLS for 360p at  23.2%  
VIDEO ID (2396) :: Exporting to encrypted HLS for 360p at  23.4%  
VIDEO ID (2396) :: Exporting to encrypted HLS for 360p at  23.6%  
VIDEO ID (2396) :: Exporting to encrypted HLS for 360p at  23.8%  
VIDEO ID (2396) :: Exporting to encrypted HLS for 360p at  24%  
VIDEO ID (2396) :: Exporting to encrypted HLS for 360p at  24.2%  
VIDEO ID (2396) :: Exporting to encrypted HLS for 360p at  24.4%  
VIDEO ID (2396) :: Exporting to encrypted HLS for 360p at  24.6%  
VIDEO ID (2396) :: Exporting to encrypted HLS for 360p at  24.8%  
VIDEO ID (2396) :: Exporting to encrypted HLS for 360p at  25%  
VIDEO ID (2396) :: Exporting to encrypted HLS for 360p at  25.2%  
VIDEO ID (2396) :: Exporting to encrypted HLS for 360p at  25.4%  
VIDEO ID (2396) :: Exporting to encrypted HLS for 360p at  25.6%  
VIDEO ID (2396) :: Exporting to encrypted HLS for 360p at  25.8%  
VIDEO ID (2396) :: Exporting to encrypted HLS for 360p at  26%  
VIDEO ID (2396) :: Exporting to encrypted HLS for 360p at  26.2%  
VIDEO ID (2396) :: Exporting to encrypted HLS for 360p at  26.4%  
VIDEO ID (2396) :: Exporting to encrypted HLS for 360p at  26.6%  
[2022-07-03 23:01:44][2850] Processing: App\Jobs\ConvertVideoQueue
[2022-07-03 23:01:44][2850] Failed:     App\Jobs\ConvertVideoQueue
VIDEO ID (2396) :: Exporting to encrypted HLS for 360p at  26.8%  
VIDEO ID (2396) :: Exporting to encrypted HLS for 360p at  27%  
VIDEO ID (2396) :: Exporting to encrypted HLS for 360p at  27.2%  
VIDEO ID (2396) :: Exporting to encrypted HLS for 360p at  27.4%  
VIDEO ID (2396) :: Exporting to encrypted HLS for 360p at  27.6%  
VIDEO ID (2396) :: Exporting to encrypted HLS for 360p at  27.8%  
VIDEO ID (2396) :: Exporting to encrypted HLS for 360p at  28%  
VIDEO ID (2396) :: Exporting to encrypted HLS for 360p at  28.2%  
VIDEO ID (2396) :: Exporting to encrypted HLS for 360p at  28.4%  
VIDEO ID (2396) :: Exporting to encrypted HLS for 360p at  28.6%  
VIDEO ID (2396) :: Exporting to encrypted HLS for 360p at  28.8%  
VIDEO ID (2396) :: Exporting to encrypted HLS for 360p at  29%  
VIDEO ID (2396) :: Exporting to encrypted HLS for 360p at  29.2%  
VIDEO ID (2396) :: Exporting to encrypted HLS for 360p at  29.4%  
VIDEO ID (2396) :: Exporting to encrypted HLS for 360p at  29.6%  
VIDEO ID (2396) :: Exporting to encrypted HLS for 360p at  29.8%  
VIDEO ID (2396) :: Exporting to encrypted HLS for 360p at  30%  
VIDEO ID (2396) :: Exporting to encrypted HLS for 360p at  30.2%  
VIDEO ID (2396) :: Exporting to encrypted HLS for 360p at  30.4%  
VIDEO ID (2396) :: Exporting to encrypted HLS for 360p at  30.6%  
VIDEO ID (2396) :: Exporting to encrypted HLS for 360p at  30.8%  
VIDEO ID (2396) :: Exporting to encrypted HLS for 360p at  31%  
VIDEO ID (2396) :: Exporting to encrypted HLS for 360p at  31.2%  
VIDEO ID (2396) :: Exporting to encrypted HLS for 360p at  31.4%  
VIDEO ID (2396) :: Exporting to encrypted HLS for 360p at  31.6%  
VIDEO ID (2396) :: Exporting to encrypted HLS for 360p at  31.8%  
VIDEO ID (2396) :: Exporting to encrypted HLS for 360p at  32%  
VIDEO ID (2396) :: Exporting to encrypted HLS for 360p at  32.2%  
VIDEO ID (2396) :: Exporting to encrypted HLS for 360p at  32.4%  
VIDEO ID (2396) :: Exporting to encrypted HLS for 360p at  32.6%  
VIDEO ID (2396) :: Exporting to encrypted HLS for 360p at  32.8%  
VIDEO ID (2396) :: Exporting to encrypted HLS for 360p at  33%  
VIDEO ID (2396) :: Exporting to encrypted HLS for 360p at  33.2%  
VIDEO ID (2396) :: Exporting to encrypted HLS for 360p at  33.4%  
VIDEO ID (2396) :: Exporting to encrypted HLS for 360p at  33.6%  
VIDEO ID (2396) :: Exporting to encrypted HLS for 360p at  33.8%  
VIDEO ID (2396) :: Exporting to encrypted HLS for 360p at  34%  
VIDEO ID (2396) :: Exporting to encrypted HLS for 360p at  34.2%  
VIDEO ID (2396) :: Exporting to encrypted HLS for 360p at  34.4%  
VIDEO ID (2396) :: Exporting to encrypted HLS for 360p at  34.6%  
VIDEO ID (2396) :: Exporting to encrypted HLS for 360p at  34.8%  
VIDEO ID (2396) :: Exporting to encrypted HLS for 360p at  35%  
VIDEO ID (2396) :: Exporting to encrypted HLS for 360p at  35.2%  
VIDEO ID (2396) :: Exporting to encrypted HLS for 360p at  35.4%  
VIDEO ID (2396) :: Exporting to encrypted HLS for 360p at  35.6%  
VIDEO ID (2396) :: Exporting to encrypted HLS for 360p at  35.8%  
VIDEO ID (2396) :: Exporting to encrypted HLS for 360p at  36%  
VIDEO ID (2396) :: Exporting to encrypted HLS for 360p at  36.2%  
VIDEO ID (2396) :: Exporting to encrypted HLS for 360p at  36.4%  
VIDEO ID (2396) :: Exporting to encrypted HLS for 360p at  36.6%  
VIDEO ID (2396) :: Exporting to encrypted HLS for 360p at  36.8%  
VIDEO ID (2396) :: Exporting to encrypted HLS for 360p at  37%  
VIDEO ID (2396) :: Exporting to encrypted HLS for 360p at  37.2%  
VIDEO ID (2396) :: Exporting to encrypted HLS for 360p at  37.4%  
VIDEO ID (2396) :: Exporting to encrypted HLS for 360p at  37.6%  
VIDEO ID (2396) :: Exporting to encrypted HLS for 360p at  37.8%  
VIDEO ID (2396) :: Exporting to encrypted HLS for 360p at  38%  
VIDEO ID (2396) :: Exporting to encrypted HLS for 360p at  38.2%  
VIDEO ID (2396) :: Exporting to encrypted HLS for 360p at  38.4%  
VIDEO ID (2396) :: Exporting to encrypted HLS for 360p at  38.6%  
VIDEO ID (2396) :: Exporting to encrypted HLS for 360p at  38.8%  
VIDEO ID (2396) :: Exporting to encrypted HLS for 360p at  39%  
VIDEO ID (2396) :: Exporting to encrypted HLS for 360p at  39.2%  
VIDEO ID (2396) :: Exporting to encrypted HLS for 360p at  39.4%  
VIDEO ID (2396) :: Exporting to encrypted HLS for 360p at  39.6%  
VIDEO ID (2396) :: Exporting to encrypted HLS for 360p at  39.8%  
VIDEO ID (2396) :: Exporting to encrypted HLS for 360p at  40%  
[2022-07-03 23:05:25][2850] Failed:     App\Jobs\ConvertVideoQueue
[2022-07-04 00:32:18][2862] Processing: App\Jobs\ConvertVideoQueue
Job sent by MSK FILM PRODUCTION SDN BHD [ id-2406]
VIDEO ID (2406) :: Exporting to encrypted HLS for 360p at  20%  
VIDEO ID (2406) :: Exporting to encrypted HLS for 360p at  20.2%  
VIDEO ID (2406) :: Exporting to encrypted HLS for 360p at  20.4%  
VIDEO ID (2406) :: Exporting to encrypted HLS for 360p at  20.6%  
VIDEO ID (2406) :: Exporting to encrypted HLS for 360p at  20.8%  
VIDEO ID (2406) :: Exporting to encrypted HLS for 360p at  21%  
VIDEO ID (2406) :: Exporting to encrypted HLS for 360p at  21.2%  
VIDEO ID (2406) :: Exporting to encrypted HLS for 360p at  21.4%  
VIDEO ID (2406) :: Exporting to encrypted HLS for 360p at  21.6%  
VIDEO ID (2406) :: Exporting to encrypted HLS for 360p at  21.8%  
VIDEO ID (2406) :: Exporting to encrypted HLS for 360p at  22%  
VIDEO ID (2406) :: Exporting to encrypted HLS for 360p at  22.2%  
VIDEO ID (2406) :: Exporting to encrypted HLS for 360p at  22.4%  
[2022-07-04 00:33:58][2862] Processing: App\Jobs\ConvertVideoQueue
[2022-07-04 00:33:58][2862] Failed:     App\Jobs\ConvertVideoQueue
VIDEO ID (2406) :: Exporting to encrypted HLS for 360p at  22.6%  
VIDEO ID (2406) :: Exporting to encrypted HLS for 360p at  22.8%  
VIDEO ID (2406) :: Exporting to encrypted HLS for 360p at  23%  
VIDEO ID (2406) :: Exporting to encrypted HLS for 360p at  23.2%  
VIDEO ID (2406) :: Exporting to encrypted HLS for 360p at  23.4%  
VIDEO ID (2406) :: Exporting to encrypted HLS for 360p at  23.6%  
VIDEO ID (2406) :: Exporting to encrypted HLS for 360p at  23.8%  
VIDEO ID (2406) :: Exporting to encrypted HLS for 360p at  24%  
VIDEO ID (2406) :: Exporting to encrypted HLS for 360p at  24.2%  
VIDEO ID (2406) :: Exporting to encrypted HLS for 360p at  24.4%  
VIDEO ID (2406) :: Exporting to encrypted HLS for 360p at  24.6%  
VIDEO ID (2406) :: Exporting to encrypted HLS for 360p at  24.8%  
VIDEO ID (2406) :: Exporting to encrypted HLS for 360p at  25%  
VIDEO ID (2406) :: Exporting to encrypted HLS for 360p at  25.2%  
VIDEO ID (2406) :: Exporting to encrypted HLS for 360p at  25.4%  
VIDEO ID (2406) :: Exporting to encrypted HLS for 360p at  25.6%  
VIDEO ID (2406) :: Exporting to encrypted HLS for 360p at  25.8%  
VIDEO ID (2406) :: Exporting to encrypted HLS for 360p at  26%  
VIDEO ID (2406) :: Exporting to encrypted HLS for 360p at  26.2%  
VIDEO ID (2406) :: Exporting to encrypted HLS for 360p at  26.4%  
VIDEO ID (2406) :: Exporting to encrypted HLS for 360p at  26.6%  
VIDEO ID (2406) :: Exporting to encrypted HLS for 360p at  26.8%  
VIDEO ID (2406) :: Exporting to encrypted HLS for 360p at  27%  
VIDEO ID (2406) :: Exporting to encrypted HLS for 360p at  27.2%  
VIDEO ID (2406) :: Exporting to encrypted HLS for 360p at  27.4%  
VIDEO ID (2406) :: Exporting to encrypted HLS for 360p at  27.6%  
VIDEO ID (2406) :: Exporting to encrypted HLS for 360p at  27.8%  
VIDEO ID (2406) :: Exporting to encrypted HLS for 360p at  28%  
VIDEO ID (2406) :: Exporting to encrypted HLS for 360p at  28.2%  
VIDEO ID (2406) :: Exporting to encrypted HLS for 360p at  28.4%  
VIDEO ID (2406) :: Exporting to encrypted HLS for 360p at  28.6%  
VIDEO ID (2406) :: Exporting to encrypted HLS for 360p at  28.8%  
VIDEO ID (2406) :: Exporting to encrypted HLS for 360p at  29%  
VIDEO ID (2406) :: Exporting to encrypted HLS for 360p at  29.2%  
VIDEO ID (2406) :: Exporting to encrypted HLS for 360p at  29.4%  
VIDEO ID (2406) :: Exporting to encrypted HLS for 360p at  29.6%  
VIDEO ID (2406) :: Exporting to encrypted HLS for 360p at  29.8%  
VIDEO ID (2406) :: Exporting to encrypted HLS for 360p at  30%  
VIDEO ID (2406) :: Exporting to encrypted HLS for 360p at  30.2%  
VIDEO ID (2406) :: Exporting to encrypted HLS for 360p at  30.4%  
VIDEO ID (2406) :: Exporting to encrypted HLS for 360p at  30.6%  
VIDEO ID (2406) :: Exporting to encrypted HLS for 360p at  30.8%  
VIDEO ID (2406) :: Exporting to encrypted HLS for 360p at  31%  
VIDEO ID (2406) :: Exporting to encrypted HLS for 360p at  31.2%  
VIDEO ID (2406) :: Exporting to encrypted HLS for 360p at  31.4%  
VIDEO ID (2406) :: Exporting to encrypted HLS for 360p at  31.6%  
VIDEO ID (2406) :: Exporting to encrypted HLS for 360p at  31.8%  
VIDEO ID (2406) :: Exporting to encrypted HLS for 360p at  32%  
VIDEO ID (2406) :: Exporting to encrypted HLS for 360p at  32.2%  
VIDEO ID (2406) :: Exporting to encrypted HLS for 360p at  32.4%  
VIDEO ID (2406) :: Exporting to encrypted HLS for 360p at  32.6%  
VIDEO ID (2406) :: Exporting to encrypted HLS for 360p at  32.8%  
VIDEO ID (2406) :: Exporting to encrypted HLS for 360p at  33%  
VIDEO ID (2406) :: Exporting to encrypted HLS for 360p at  33.2%  
VIDEO ID (2406) :: Exporting to encrypted HLS for 360p at  33.4%  
VIDEO ID (2406) :: Exporting to encrypted HLS for 360p at  33.6%  
VIDEO ID (2406) :: Exporting to encrypted HLS for 360p at  33.8%  
VIDEO ID (2406) :: Exporting to encrypted HLS for 360p at  34%  
VIDEO ID (2406) :: Exporting to encrypted HLS for 360p at  34.2%  
VIDEO ID (2406) :: Exporting to encrypted HLS for 360p at  34.4%  
VIDEO ID (2406) :: Exporting to encrypted HLS for 360p at  34.6%  
VIDEO ID (2406) :: Exporting to encrypted HLS for 360p at  34.8%  
VIDEO ID (2406) :: Exporting to encrypted HLS for 360p at  35%  
VIDEO ID (2406) :: Exporting to encrypted HLS for 360p at  35.2%  
VIDEO ID (2406) :: Exporting to encrypted HLS for 360p at  35.4%  
VIDEO ID (2406) :: Exporting to encrypted HLS for 360p at  35.6%  
VIDEO ID (2406) :: Exporting to encrypted HLS for 360p at  35.8%  
VIDEO ID (2406) :: Exporting to encrypted HLS for 360p at  36%  
VIDEO ID (2406) :: Exporting to encrypted HLS for 360p at  36.2%  
VIDEO ID (2406) :: Exporting to encrypted HLS for 360p at  36.4%  
VIDEO ID (2406) :: Exporting to encrypted HLS for 360p at  36.6%  
VIDEO ID (2406) :: Exporting to encrypted HLS for 360p at  36.8%  
VIDEO ID (2406) :: Exporting to encrypted HLS for 360p at  37%  
VIDEO ID (2406) :: Exporting to encrypted HLS for 360p at  37.2%  
VIDEO ID (2406) :: Exporting to encrypted HLS for 360p at  37.4%  
VIDEO ID (2406) :: Exporting to encrypted HLS for 360p at  37.6%  
VIDEO ID (2406) :: Exporting to encrypted HLS for 360p at  37.8%  
VIDEO ID (2406) :: Exporting to encrypted HLS for 360p at  38%  
VIDEO ID (2406) :: Exporting to encrypted HLS for 360p at  38.2%  
VIDEO ID (2406) :: Exporting to encrypted HLS for 360p at  38.4%  
VIDEO ID (2406) :: Exporting to encrypted HLS for 360p at  38.6%  
VIDEO ID (2406) :: Exporting to encrypted HLS for 360p at  38.8%  
VIDEO ID (2406) :: Exporting to encrypted HLS for 360p at  39%  
VIDEO ID (2406) :: Exporting to encrypted HLS for 360p at  39.2%  
VIDEO ID (2406) :: Exporting to encrypted HLS for 360p at  39.4%  
VIDEO ID (2406) :: Exporting to encrypted HLS for 360p at  39.6%  
VIDEO ID (2406) :: Exporting to encrypted HLS for 360p at  39.8%  
VIDEO ID (2406) :: Exporting to encrypted HLS for 360p at  40%  
[2022-07-04 00:49:15][2862] Failed:     App\Jobs\ConvertVideoQueue
[2022-07-04 01:29:13][2872] Processing: App\Jobs\ConvertVideoQueue
Job sent by ILUSI GANDA SDN BHD [ id-2376]
VIDEO ID (2376) :: Exporting to encrypted HLS for 360p at  20%  
VIDEO ID (2376) :: Exporting to encrypted HLS for 360p at  20.2%  
VIDEO ID (2376) :: Exporting to encrypted HLS for 360p at  20.4%  
VIDEO ID (2376) :: Exporting to encrypted HLS for 360p at  20.6%  
VIDEO ID (2376) :: Exporting to encrypted HLS for 360p at  20.8%  
VIDEO ID (2376) :: Exporting to encrypted HLS for 360p at  21%  
VIDEO ID (2376) :: Exporting to encrypted HLS for 360p at  21.2%  
VIDEO ID (2376) :: Exporting to encrypted HLS for 360p at  21.4%  
VIDEO ID (2376) :: Exporting to encrypted HLS for 360p at  21.6%  
VIDEO ID (2376) :: Exporting to encrypted HLS for 360p at  21.8%  
VIDEO ID (2376) :: Exporting to encrypted HLS for 360p at  22%  
VIDEO ID (2376) :: Exporting to encrypted HLS for 360p at  22.2%  
VIDEO ID (2376) :: Exporting to encrypted HLS for 360p at  22.4%  
VIDEO ID (2376) :: Exporting to encrypted HLS for 360p at  22.6%  
VIDEO ID (2376) :: Exporting to encrypted HLS for 360p at  22.8%  
VIDEO ID (2376) :: Exporting to encrypted HLS for 360p at  23%  
VIDEO ID (2376) :: Exporting to encrypted HLS for 360p at  23.2%  
VIDEO ID (2376) :: Exporting to encrypted HLS for 360p at  23.4%  
VIDEO ID (2376) :: Exporting to encrypted HLS for 360p at  23.6%  
VIDEO ID (2376) :: Exporting to encrypted HLS for 360p at  23.8%  
VIDEO ID (2376) :: Exporting to encrypted HLS for 360p at  24%  
VIDEO ID (2376) :: Exporting to encrypted HLS for 360p at  24.2%  
VIDEO ID (2376) :: Exporting to encrypted HLS for 360p at  24.4%  
VIDEO ID (2376) :: Exporting to encrypted HLS for 360p at  24.6%  
VIDEO ID (2376) :: Exporting to encrypted HLS for 360p at  24.8%  
VIDEO ID (2376) :: Exporting to encrypted HLS for 360p at  25%  
VIDEO ID (2376) :: Exporting to encrypted HLS for 360p at  25.2%  
VIDEO ID (2376) :: Exporting to encrypted HLS for 360p at  25.4%  
VIDEO ID (2376) :: Exporting to encrypted HLS for 360p at  25.6%  
VIDEO ID (2376) :: Exporting to encrypted HLS for 360p at  25.8%  
VIDEO ID (2376) :: Exporting to encrypted HLS for 360p at  26%  
VIDEO ID (2376) :: Exporting to encrypted HLS for 360p at  26.2%  
VIDEO ID (2376) :: Exporting to encrypted HLS for 360p at  26.4%  
VIDEO ID (2376) :: Exporting to encrypted HLS for 360p at  26.6%  
VIDEO ID (2376) :: Exporting to encrypted HLS for 360p at  26.8%  
VIDEO ID (2376) :: Exporting to encrypted HLS for 360p at  27%  
VIDEO ID (2376) :: Exporting to encrypted HLS for 360p at  27.2%  
[2022-07-04 01:30:54][2872] Processing: App\Jobs\ConvertVideoQueue
[2022-07-04 01:30:54][2872] Failed:     App\Jobs\ConvertVideoQueue
VIDEO ID (2376) :: Exporting to encrypted HLS for 360p at  27.4%  
VIDEO ID (2376) :: Exporting to encrypted HLS for 360p at  27.6%  
VIDEO ID (2376) :: Exporting to encrypted HLS for 360p at  27.8%  
VIDEO ID (2376) :: Exporting to encrypted HLS for 360p at  28%  
VIDEO ID (2376) :: Exporting to encrypted HLS for 360p at  28.2%  
VIDEO ID (2376) :: Exporting to encrypted HLS for 360p at  28.4%  
VIDEO ID (2376) :: Exporting to encrypted HLS for 360p at  28.6%  
VIDEO ID (2376) :: Exporting to encrypted HLS for 360p at  28.8%  
VIDEO ID (2376) :: Exporting to encrypted HLS for 360p at  29%  
VIDEO ID (2376) :: Exporting to encrypted HLS for 360p at  29.2%  
VIDEO ID (2376) :: Exporting to encrypted HLS for 360p at  29.4%  
VIDEO ID (2376) :: Exporting to encrypted HLS for 360p at  29.6%  
VIDEO ID (2376) :: Exporting to encrypted HLS for 360p at  29.8%  
VIDEO ID (2376) :: Exporting to encrypted HLS for 360p at  30%  
VIDEO ID (2376) :: Exporting to encrypted HLS for 360p at  30.2%  
VIDEO ID (2376) :: Exporting to encrypted HLS for 360p at  30.4%  
VIDEO ID (2376) :: Exporting to encrypted HLS for 360p at  30.6%  
VIDEO ID (2376) :: Exporting to encrypted HLS for 360p at  30.8%  
VIDEO ID (2376) :: Exporting to encrypted HLS for 360p at  31%  
VIDEO ID (2376) :: Exporting to encrypted HLS for 360p at  31.2%  
VIDEO ID (2376) :: Exporting to encrypted HLS for 360p at  31.4%  
VIDEO ID (2376) :: Exporting to encrypted HLS for 360p at  31.6%  
VIDEO ID (2376) :: Exporting to encrypted HLS for 360p at  31.8%  
VIDEO ID (2376) :: Exporting to encrypted HLS for 360p at  32%  
VIDEO ID (2376) :: Exporting to encrypted HLS for 360p at  32.2%  
VIDEO ID (2376) :: Exporting to encrypted HLS for 360p at  32.4%  
VIDEO ID (2376) :: Exporting to encrypted HLS for 360p at  32.6%  
VIDEO ID (2376) :: Exporting to encrypted HLS for 360p at  32.8%  
VIDEO ID (2376) :: Exporting to encrypted HLS for 360p at  33%  
VIDEO ID (2376) :: Exporting to encrypted HLS for 360p at  33.2%  
VIDEO ID (2376) :: Exporting to encrypted HLS for 360p at  33.4%  
VIDEO ID (2376) :: Exporting to encrypted HLS for 360p at  33.6%  
VIDEO ID (2376) :: Exporting to encrypted HLS for 360p at  33.8%  
VIDEO ID (2376) :: Exporting to encrypted HLS for 360p at  34%  
VIDEO ID (2376) :: Exporting to encrypted HLS for 360p at  34.2%  
VIDEO ID (2376) :: Exporting to encrypted HLS for 360p at  34.4%  
VIDEO ID (2376) :: Exporting to encrypted HLS for 360p at  34.6%  
VIDEO ID (2376) :: Exporting to encrypted HLS for 360p at  34.8%  
VIDEO ID (2376) :: Exporting to encrypted HLS for 360p at  35%  
VIDEO ID (2376) :: Exporting to encrypted HLS for 360p at  35.2%  
VIDEO ID (2376) :: Exporting to encrypted HLS for 360p at  35.4%  
VIDEO ID (2376) :: Exporting to encrypted HLS for 360p at  35.6%  
[2022-07-04 01:33:30][2872] Failed:     App\Jobs\ConvertVideoQueue
[2022-07-04 01:41:57][2874] Processing: App\Jobs\ConvertVideoQueue
Job sent by Kuala Simfoni Sdn Bhd [ id-2214]
VIDEO ID (2214) :: Exporting to encrypted HLS for 360p at  20%  
VIDEO ID (2214) :: Exporting to encrypted HLS for 360p at  20.2%  
VIDEO ID (2214) :: Exporting to encrypted HLS for 360p at  20.4%  
VIDEO ID (2214) :: Exporting to encrypted HLS for 360p at  20.6%  
VIDEO ID (2214) :: Exporting to encrypted HLS for 360p at  20.8%  
VIDEO ID (2214) :: Exporting to encrypted HLS for 360p at  21%  
VIDEO ID (2214) :: Exporting to encrypted HLS for 360p at  21.2%  
VIDEO ID (2214) :: Exporting to encrypted HLS for 360p at  21.4%  
VIDEO ID (2214) :: Exporting to encrypted HLS for 360p at  21.6%  
VIDEO ID (2214) :: Exporting to encrypted HLS for 360p at  21.8%  
VIDEO ID (2214) :: Exporting to encrypted HLS for 360p at  22%  
VIDEO ID (2214) :: Exporting to encrypted HLS for 360p at  22.2%  
VIDEO ID (2214) :: Exporting to encrypted HLS for 360p at  22.4%  
VIDEO ID (2214) :: Exporting to encrypted HLS for 360p at  22.6%  
VIDEO ID (2214) :: Exporting to encrypted HLS for 360p at  22.8%  
VIDEO ID (2214) :: Exporting to encrypted HLS for 360p at  23%  
VIDEO ID (2214) :: Exporting to encrypted HLS for 360p at  23.2%  
VIDEO ID (2214) :: Exporting to encrypted HLS for 360p at  23.4%  
[2022-07-04 01:43:39][2874] Processing: App\Jobs\ConvertVideoQueue
[2022-07-04 01:43:39][2874] Failed:     App\Jobs\ConvertVideoQueue
VIDEO ID (2214) :: Exporting to encrypted HLS for 360p at  23.6%  
VIDEO ID (2214) :: Exporting to encrypted HLS for 360p at  23.8%  
[2022-07-04 01:43:54][2874] Failed:     App\Jobs\ConvertVideoQueue
[2022-07-04 01:57:38][2876] Processing: App\Jobs\ConvertVideoQueue
Job sent by MSK FILM PRODUCTION SDN BHD [ id-2408]
VIDEO ID (2408) :: Exporting to encrypted HLS for 360p at  20%  
VIDEO ID (2408) :: Exporting to encrypted HLS for 360p at  20.2%  
VIDEO ID (2408) :: Exporting to encrypted HLS for 360p at  20.4%  
VIDEO ID (2408) :: Exporting to encrypted HLS for 360p at  20.6%  
VIDEO ID (2408) :: Exporting to encrypted HLS for 360p at  20.8%  
VIDEO ID (2408) :: Exporting to encrypted HLS for 360p at  21%  
VIDEO ID (2408) :: Exporting to encrypted HLS for 360p at  21.2%  
VIDEO ID (2408) :: Exporting to encrypted HLS for 360p at  21.4%  
VIDEO ID (2408) :: Exporting to encrypted HLS for 360p at  21.6%  
VIDEO ID (2408) :: Exporting to encrypted HLS for 360p at  21.8%  
VIDEO ID (2408) :: Exporting to encrypted HLS for 360p at  22%  
VIDEO ID (2408) :: Exporting to encrypted HLS for 360p at  22.2%  
VIDEO ID (2408) :: Exporting to encrypted HLS for 360p at  22.4%  
VIDEO ID (2408) :: Exporting to encrypted HLS for 360p at  22.6%  
VIDEO ID (2408) :: Exporting to encrypted HLS for 360p at  22.8%  
VIDEO ID (2408) :: Exporting to encrypted HLS for 360p at  23%  
VIDEO ID (2408) :: Exporting to encrypted HLS for 360p at  23.2%  
VIDEO ID (2408) :: Exporting to encrypted HLS for 360p at  23.4%  
VIDEO ID (2408) :: Exporting to encrypted HLS for 360p at  23.6%  
VIDEO ID (2408) :: Exporting to encrypted HLS for 360p at  23.8%  
[2022-07-04 01:59:18][2876] Processing: App\Jobs\ConvertVideoQueue
[2022-07-04 01:59:18][2876] Failed:     App\Jobs\ConvertVideoQueue
VIDEO ID (2408) :: Exporting to encrypted HLS for 360p at  24%  
VIDEO ID (2408) :: Exporting to encrypted HLS for 360p at  24.2%  
VIDEO ID (2408) :: Exporting to encrypted HLS for 360p at  24.4%  
VIDEO ID (2408) :: Exporting to encrypted HLS for 360p at  24.6%  
VIDEO ID (2408) :: Exporting to encrypted HLS for 360p at  24.8%  
VIDEO ID (2408) :: Exporting to encrypted HLS for 360p at  25%  
VIDEO ID (2408) :: Exporting to encrypted HLS for 360p at  25.2%  
VIDEO ID (2408) :: Exporting to encrypted HLS for 360p at  25.4%  
VIDEO ID (2408) :: Exporting to encrypted HLS for 360p at  25.6%  
VIDEO ID (2408) :: Exporting to encrypted HLS for 360p at  25.8%  
VIDEO ID (2408) :: Exporting to encrypted HLS for 360p at  26%  
VIDEO ID (2408) :: Exporting to encrypted HLS for 360p at  26.2%  
VIDEO ID (2408) :: Exporting to encrypted HLS for 360p at  26.4%  
VIDEO ID (2408) :: Exporting to encrypted HLS for 360p at  26.6%  
VIDEO ID (2408) :: Exporting to encrypted HLS for 360p at  26.8%  
VIDEO ID (2408) :: Exporting to encrypted HLS for 360p at  27%  
VIDEO ID (2408) :: Exporting to encrypted HLS for 360p at  27.2%  
VIDEO ID (2408) :: Exporting to encrypted HLS for 360p at  27.4%  
VIDEO ID (2408) :: Exporting to encrypted HLS for 360p at  27.6%  
VIDEO ID (2408) :: Exporting to encrypted HLS for 360p at  27.8%  
VIDEO ID (2408) :: Exporting to encrypted HLS for 360p at  28%  
VIDEO ID (2408) :: Exporting to encrypted HLS for 360p at  28.2%  
VIDEO ID (2408) :: Exporting to encrypted HLS for 360p at  28.4%  
VIDEO ID (2408) :: Exporting to encrypted HLS for 360p at  28.6%  
VIDEO ID (2408) :: Exporting to encrypted HLS for 360p at  28.8%  
VIDEO ID (2408) :: Exporting to encrypted HLS for 360p at  29%  
VIDEO ID (2408) :: Exporting to encrypted HLS for 360p at  29.2%  
VIDEO ID (2408) :: Exporting to encrypted HLS for 360p at  29.4%  
VIDEO ID (2408) :: Exporting to encrypted HLS for 360p at  29.6%  
VIDEO ID (2408) :: Exporting to encrypted HLS for 360p at  29.8%  
VIDEO ID (2408) :: Exporting to encrypted HLS for 360p at  30%  
VIDEO ID (2408) :: Exporting to encrypted HLS for 360p at  30.2%  
VIDEO ID (2408) :: Exporting to encrypted HLS for 360p at  30.4%  
VIDEO ID (2408) :: Exporting to encrypted HLS for 360p at  30.6%  
VIDEO ID (2408) :: Exporting to encrypted HLS for 360p at  30.8%  
VIDEO ID (2408) :: Exporting to encrypted HLS for 360p at  31%  
VIDEO ID (2408) :: Exporting to encrypted HLS for 360p at  31.2%  
VIDEO ID (2408) :: Exporting to encrypted HLS for 360p at  31.4%  
VIDEO ID (2408) :: Exporting to encrypted HLS for 360p at  31.6%  
VIDEO ID (2408) :: Exporting to encrypted HLS for 360p at  31.8%  
VIDEO ID (2408) :: Exporting to encrypted HLS for 360p at  32%  
VIDEO ID (2408) :: Exporting to encrypted HLS for 360p at  32.2%  
VIDEO ID (2408) :: Exporting to encrypted HLS for 360p at  32.4%  
VIDEO ID (2408) :: Exporting to encrypted HLS for 360p at  32.6%  
VIDEO ID (2408) :: Exporting to encrypted HLS for 360p at  32.8%  
VIDEO ID (2408) :: Exporting to encrypted HLS for 360p at  33%  
VIDEO ID (2408) :: Exporting to encrypted HLS for 360p at  33.2%  
VIDEO ID (2408) :: Exporting to encrypted HLS for 360p at  33.4%  
VIDEO ID (2408) :: Exporting to encrypted HLS for 360p at  33.6%  
VIDEO ID (2408) :: Exporting to encrypted HLS for 360p at  33.8%  
VIDEO ID (2408) :: Exporting to encrypted HLS for 360p at  34%  
VIDEO ID (2408) :: Exporting to encrypted HLS for 360p at  34.2%  
VIDEO ID (2408) :: Exporting to encrypted HLS for 360p at  34.4%  
VIDEO ID (2408) :: Exporting to encrypted HLS for 360p at  34.6%  
VIDEO ID (2408) :: Exporting to encrypted HLS for 360p at  34.8%  
VIDEO ID (2408) :: Exporting to encrypted HLS for 360p at  35%  
VIDEO ID (2408) :: Exporting to encrypted HLS for 360p at  35.2%  
VIDEO ID (2408) :: Exporting to encrypted HLS for 360p at  35.4%  
VIDEO ID (2408) :: Exporting to encrypted HLS for 360p at  35.6%  
VIDEO ID (2408) :: Exporting to encrypted HLS for 360p at  35.8%  
VIDEO ID (2408) :: Exporting to encrypted HLS for 360p at  36%  
VIDEO ID (2408) :: Exporting to encrypted HLS for 360p at  36.2%  
VIDEO ID (2408) :: Exporting to encrypted HLS for 360p at  36.4%  
VIDEO ID (2408) :: Exporting to encrypted HLS for 360p at  36.6%  
VIDEO ID (2408) :: Exporting to encrypted HLS for 360p at  36.8%  
VIDEO ID (2408) :: Exporting to encrypted HLS for 360p at  37%  
VIDEO ID (2408) :: Exporting to encrypted HLS for 360p at  37.2%  
VIDEO ID (2408) :: Exporting to encrypted HLS for 360p at  37.4%  
VIDEO ID (2408) :: Exporting to encrypted HLS for 360p at  37.6%  
VIDEO ID (2408) :: Exporting to encrypted HLS for 360p at  37.8%  
VIDEO ID (2408) :: Exporting to encrypted HLS for 360p at  38%  
VIDEO ID (2408) :: Exporting to encrypted HLS for 360p at  38.2%  
VIDEO ID (2408) :: Exporting to encrypted HLS for 360p at  38.4%  
VIDEO ID (2408) :: Exporting to encrypted HLS for 360p at  38.6%  
VIDEO ID (2408) :: Exporting to encrypted HLS for 360p at  38.8%  
VIDEO ID (2408) :: Exporting to encrypted HLS for 360p at  39%  
VIDEO ID (2408) :: Exporting to encrypted HLS for 360p at  39.2%  
VIDEO ID (2408) :: Exporting to encrypted HLS for 360p at  39.4%  
VIDEO ID (2408) :: Exporting to encrypted HLS for 360p at  39.6%  
VIDEO ID (2408) :: Exporting to encrypted HLS for 360p at  39.8%  
VIDEO ID (2408) :: Exporting to encrypted HLS for 360p at  40%  
[2022-07-04 02:06:41][2876] Failed:     App\Jobs\ConvertVideoQueue
[2022-07-04 21:13:45][3058] Processing: App\Jobs\ConvertVideoQueue
Job sent by Ferdiners Sdn Bhd [ id-2514]
VIDEO ID (2514) :: Exporting to encrypted HLS for 360p at  20%  
VIDEO ID (2514) :: Exporting to encrypted HLS for 360p at  20.2%  
VIDEO ID (2514) :: Exporting to encrypted HLS for 360p at  20.4%  
VIDEO ID (2514) :: Exporting to encrypted HLS for 360p at  20.6%  
VIDEO ID (2514) :: Exporting to encrypted HLS for 360p at  20.8%  
VIDEO ID (2514) :: Exporting to encrypted HLS for 360p at  21%  
VIDEO ID (2514) :: Exporting to encrypted HLS for 360p at  21.2%  
VIDEO ID (2514) :: Exporting to encrypted HLS for 360p at  21.4%  
VIDEO ID (2514) :: Exporting to encrypted HLS for 360p at  21.6%  
VIDEO ID (2514) :: Exporting to encrypted HLS for 360p at  21.8%  
VIDEO ID (2514) :: Exporting to encrypted HLS for 360p at  22%  
VIDEO ID (2514) :: Exporting to encrypted HLS for 360p at  22.2%  
VIDEO ID (2514) :: Exporting to encrypted HLS for 360p at  22.4%  
VIDEO ID (2514) :: Exporting to encrypted HLS for 360p at  22.6%  
VIDEO ID (2514) :: Exporting to encrypted HLS for 360p at  22.8%  
VIDEO ID (2514) :: Exporting to encrypted HLS for 360p at  23%  
VIDEO ID (2514) :: Exporting to encrypted HLS for 360p at  23.2%  
VIDEO ID (2514) :: Exporting to encrypted HLS for 360p at  23.4%  
VIDEO ID (2514) :: Exporting to encrypted HLS for 360p at  23.6%  
VIDEO ID (2514) :: Exporting to encrypted HLS for 360p at  23.8%  
VIDEO ID (2514) :: Exporting to encrypted HLS for 360p at  24%  
VIDEO ID (2514) :: Exporting to encrypted HLS for 360p at  24.2%  
VIDEO ID (2514) :: Exporting to encrypted HLS for 360p at  24.4%  
[2022-07-04 21:15:27][3058] Processing: App\Jobs\ConvertVideoQueue
[2022-07-04 21:15:27][3058] Failed:     App\Jobs\ConvertVideoQueue
VIDEO ID (2514) :: Exporting to encrypted HLS for 360p at  24.6%  
VIDEO ID (2514) :: Exporting to encrypted HLS for 360p at  24.8%  
VIDEO ID (2514) :: Exporting to encrypted HLS for 360p at  25%  
VIDEO ID (2514) :: Exporting to encrypted HLS for 360p at  25.2%  
VIDEO ID (2514) :: Exporting to encrypted HLS for 360p at  25.4%  
VIDEO ID (2514) :: Exporting to encrypted HLS for 360p at  25.6%  
VIDEO ID (2514) :: Exporting to encrypted HLS for 360p at  25.8%  
VIDEO ID (2514) :: Exporting to encrypted HLS for 360p at  26%  
VIDEO ID (2514) :: Exporting to encrypted HLS for 360p at  26.2%  
VIDEO ID (2514) :: Exporting to encrypted HLS for 360p at  26.4%  
VIDEO ID (2514) :: Exporting to encrypted HLS for 360p at  26.6%  
VIDEO ID (2514) :: Exporting to encrypted HLS for 360p at  26.8%  
VIDEO ID (2514) :: Exporting to encrypted HLS for 360p at  27%  
VIDEO ID (2514) :: Exporting to encrypted HLS for 360p at  27.2%  
VIDEO ID (2514) :: Exporting to encrypted HLS for 360p at  27.4%  
VIDEO ID (2514) :: Exporting to encrypted HLS for 360p at  27.6%  
VIDEO ID (2514) :: Exporting to encrypted HLS for 360p at  27.8%  
VIDEO ID (2514) :: Exporting to encrypted HLS for 360p at  28%  
VIDEO ID (2514) :: Exporting to encrypted HLS for 360p at  28.2%  
VIDEO ID (2514) :: Exporting to encrypted HLS for 360p at  28.4%  
VIDEO ID (2514) :: Exporting to encrypted HLS for 360p at  28.6%  
VIDEO ID (2514) :: Exporting to encrypted HLS for 360p at  28.8%  
VIDEO ID (2514) :: Exporting to encrypted HLS for 360p at  29%  
VIDEO ID (2514) :: Exporting to encrypted HLS for 360p at  29.2%  
VIDEO ID (2514) :: Exporting to encrypted HLS for 360p at  29.4%  
VIDEO ID (2514) :: Exporting to encrypted HLS for 360p at  29.6%  
VIDEO ID (2514) :: Exporting to encrypted HLS for 360p at  29.8%  
VIDEO ID (2514) :: Exporting to encrypted HLS for 360p at  30%  
VIDEO ID (2514) :: Exporting to encrypted HLS for 360p at  30.2%  
VIDEO ID (2514) :: Exporting to encrypted HLS for 360p at  30.4%  
VIDEO ID (2514) :: Exporting to encrypted HLS for 360p at  30.6%  
VIDEO ID (2514) :: Exporting to encrypted HLS for 360p at  30.8%  
VIDEO ID (2514) :: Exporting to encrypted HLS for 360p at  31%  
VIDEO ID (2514) :: Exporting to encrypted HLS for 360p at  31.2%  
VIDEO ID (2514) :: Exporting to encrypted HLS for 360p at  31.4%  
VIDEO ID (2514) :: Exporting to encrypted HLS for 360p at  31.6%  
VIDEO ID (2514) :: Exporting to encrypted HLS for 360p at  31.8%  
VIDEO ID (2514) :: Exporting to encrypted HLS for 360p at  32%  
VIDEO ID (2514) :: Exporting to encrypted HLS for 360p at  32.2%  
VIDEO ID (2514) :: Exporting to encrypted HLS for 360p at  32.4%  
VIDEO ID (2514) :: Exporting to encrypted HLS for 360p at  32.6%  
VIDEO ID (2514) :: Exporting to encrypted HLS for 360p at  32.8%  
VIDEO ID (2514) :: Exporting to encrypted HLS for 360p at  33%  
VIDEO ID (2514) :: Exporting to encrypted HLS for 360p at  33.2%  
VIDEO ID (2514) :: Exporting to encrypted HLS for 360p at  33.4%  
VIDEO ID (2514) :: Exporting to encrypted HLS for 360p at  33.6%  
VIDEO ID (2514) :: Exporting to encrypted HLS for 360p at  33.8%  
VIDEO ID (2514) :: Exporting to encrypted HLS for 360p at  34%  
VIDEO ID (2514) :: Exporting to encrypted HLS for 360p at  34.2%  
VIDEO ID (2514) :: Exporting to encrypted HLS for 360p at  34.4%  
VIDEO ID (2514) :: Exporting to encrypted HLS for 360p at  34.6%  
VIDEO ID (2514) :: Exporting to encrypted HLS for 360p at  34.8%  
VIDEO ID (2514) :: Exporting to encrypted HLS for 360p at  35%  
VIDEO ID (2514) :: Exporting to encrypted HLS for 360p at  35.2%  
VIDEO ID (2514) :: Exporting to encrypted HLS for 360p at  35.4%  
VIDEO ID (2514) :: Exporting to encrypted HLS for 360p at  35.6%  
VIDEO ID (2514) :: Exporting to encrypted HLS for 360p at  35.8%  
VIDEO ID (2514) :: Exporting to encrypted HLS for 360p at  36%  
VIDEO ID (2514) :: Exporting to encrypted HLS for 360p at  36.2%  
VIDEO ID (2514) :: Exporting to encrypted HLS for 360p at  36.4%  
VIDEO ID (2514) :: Exporting to encrypted HLS for 360p at  36.6%  
VIDEO ID (2514) :: Exporting to encrypted HLS for 360p at  36.8%  
VIDEO ID (2514) :: Exporting to encrypted HLS for 360p at  37%  
VIDEO ID (2514) :: Exporting to encrypted HLS for 360p at  37.2%  
VIDEO ID (2514) :: Exporting to encrypted HLS for 360p at  37.4%  
VIDEO ID (2514) :: Exporting to encrypted HLS for 360p at  37.6%  
VIDEO ID (2514) :: Exporting to encrypted HLS for 360p at  37.8%  
VIDEO ID (2514) :: Exporting to encrypted HLS for 360p at  38%  
VIDEO ID (2514) :: Exporting to encrypted HLS for 360p at  38.2%  
VIDEO ID (2514) :: Exporting to encrypted HLS for 360p at  38.4%  
VIDEO ID (2514) :: Exporting to encrypted HLS for 360p at  38.6%  
VIDEO ID (2514) :: Exporting to encrypted HLS for 360p at  38.8%  
VIDEO ID (2514) :: Exporting to encrypted HLS for 360p at  39%  
VIDEO ID (2514) :: Exporting to encrypted HLS for 360p at  39.2%  
VIDEO ID (2514) :: Exporting to encrypted HLS for 360p at  39.4%  
VIDEO ID (2514) :: Exporting to encrypted HLS for 360p at  39.6%  
VIDEO ID (2514) :: Exporting to encrypted HLS for 360p at  39.8%  
VIDEO ID (2514) :: Exporting to encrypted HLS for 360p at  40%  
[2022-07-04 21:20:46][3058] Processed:  App\Jobs\ConvertVideoQueue
